2022-08-18 06:52:59,997 INFO supervisord started with pid 1
2022-08-18 06:53:00,999 INFO spawned: 'app_worker_00' with pid 7
2022-08-18 06:53:01,000 INFO spawned: 'php-fpm' with pid 8
2022-08-18 06:53:02,031 INFO success: app_worker_00 entered RUNNING state, process has stayed up for > than 1 seconds (startsecs)
2022-08-18 06:53:02,031 INFO success: php-fpm entered RUNNING state, process has stayed up for > than 1 seconds (startsecs)
2022-08-18 07:02:02,967 WARN received SIGQUIT indicating exit request
2022-08-18 07:02:02,967 INFO waiting for app_worker_00, php-fpm to die
2022-08-18 07:02:02,971 INFO stopped: php-fpm (exit status 0)
2022-08-18 07:02:03,974 INFO stopped: app_worker_00 (exit status 0)
2022-08-18 07:02:12,734 INFO supervisord started with pid 1
2022-08-18 07:02:13,737 INFO spawned: 'app_worker_00' with pid 7
2022-08-18 07:02:13,740 INFO spawned: 'php-fpm' with pid 8
2022-08-18 07:02:14,774 INFO success: app_worker_00 entered RUNNING state, process has stayed up for > than 1 seconds (startsecs)
2022-08-18 07:02:14,774 INFO success: php-fpm entered RUNNING state, process has stayed up for > than 1 seconds (startsecs)
2022-08-18 07:05:24,171 WARN received SIGQUIT indicating exit request
2022-08-18 07:05:24,171 INFO waiting for app_worker_00, php-fpm to die
2022-08-18 07:05:24,174 INFO stopped: php-fpm (exit status 0)
2022-08-18 07:05:25,176 INFO stopped: app_worker_00 (exit status 0)
2022-08-18 07:05:32,614 INFO supervisord started with pid 1
2022-08-18 07:05:33,616 INFO spawned: 'app_worker_00' with pid 6
2022-08-18 07:05:33,618 INFO spawned: 'php-fpm' with pid 7
2022-08-18 07:05:34,642 INFO success: app_worker_00 entered RUNNING state, process has stayed up for > than 1 seconds (startsecs)
2022-08-18 07:05:34,642 INFO success: php-fpm entered RUNNING state, process has stayed up for > than 1 seconds (startsecs)
2022-08-18 07:05:39,646 WARN received SIGQUIT indicating exit request
2022-08-18 07:05:39,646 INFO waiting for app_worker_00, php-fpm to die
2022-08-18 07:05:39,649 INFO stopped: php-fpm (exit status 0)
2022-08-18 07:05:40,651 INFO stopped: app_worker_00 (exit status 0)
2022-08-18 07:06:27,375 INFO supervisord started with pid 1
2022-08-18 07:06:28,377 INFO spawned: 'app_worker_00' with pid 7
2022-08-18 07:06:28,379 INFO spawned: 'php-fpm' with pid 8
2022-08-18 07:06:29,401 INFO success: app_worker_00 entered RUNNING state, process has stayed up for > than 1 seconds (startsecs)
2022-08-18 07:06:29,401 INFO success: php-fpm entered RUNNING state, process has stayed up for > than 1 seconds (startsecs)
2022-08-18 07:06:44,418 WARN received SIGQUIT indicating exit request
2022-08-18 07:06:44,418 INFO waiting for app_worker_00, php-fpm to die
2022-08-18 07:06:44,422 INFO stopped: php-fpm (exit status 0)
2022-08-18 07:06:45,425 INFO stopped: app_worker_00 (exit status 0)
